404 169 "-" "Mozilla/5.0 (compatible; YandexMetrika/2.0; +http://yandex.com/bots yabs01)"rt=0.000 uct="-" uht="-" urt="-"
404 169 "-" "Mozilla/5.0 (compatible; YandexMetrika/2.0; +http://yandex.com/bots yabs01)"rt=0.000 uct="-" uht="-" urt="-"
404 200 "http://dbadmins.ru/wp-content/plugins/uploadify/readme.txt" "Mozilla/5.0 (Windows NT 6.1; WOW64) AppleWebKit/537.36 (KHTML, like Gecko) Chrome/42.0.2311.152 Safari/537.36"rt=0.000 uct="-" uht="-" urt="-"
404 169 "-" "Mozilla/5.0 (compatible; YandexMetrika/2.0; +http://yandex.com/bots yabs01)"rt=0.000 uct="-" uht="-" urt="-"
404 0 "-" "-"rt=0.018 uct="-" uht="-" urt="-"
404 169 "-" "Mozilla/5.0 (compatible; YandexMetrika/2.0; +http://yandex.com/bots yabs01)"rt=0.000 uct="-" uht="-" urt="-"
404 3652 "-" "-"rt=0.000 uct="-" uht="-" urt="-"
404 3652 "-" "-"rt=0.000 uct="-" uht="-" urt="-"
404 3652 "-" "-"rt=0.000 uct="-" uht="-" urt="-"
404 3652 "-" "python-requests/2.19.1"rt=0.000 uct="-" uht="-" urt="-"
404 169 "-" "Mozilla/5.0 (compatible; YandexMetrika/2.0; +http://yandex.com/bots yabs01)"rt=0.000 uct="-" uht="-" urt="-"
404 169 "-" "Mozilla/5.0 (compatible; YandexMetrika/2.0; +http://yandex.com/bots yabs01)"rt=0.000 uct="-" uht="-" urt="-"
404 169 "-" "Mozilla/5.0 (compatible; YandexMetrika/2.0; +http://yandex.com/bots yabs01)"rt=0.000 uct="-" uht="-" urt="-"
404 29500 "-" "curl/7.15.5 (x86_64-redhat-linux-gnu) libcurl/7.15.5 OpenSSL/0.9.8b zlib/1.2.3 libidn/0.6.5"rt=0.480 uct="0.000" uht="0.192" urt="0.243"
404 29513 "-" "Mozilla/5.0 (Windows NT 6.1; Win64; x64; rv:64.0) Gecko/20100101 Firefox/64.0"rt=0.233 uct="0.000" uht="0.182" urt="0.233"
404 169 "-" "Mozilla/5.0 (compatible; YandexMetrika/2.0; +http://yandex.com/bots yabs01)"rt=0.000 uct="-" uht="-" urt="-"
404 29500 "-" "Mozilla/5.0 (Windows NT 6.1; Win64; x64; rv:64.0) Gecko/20100101 Firefox/64.0"rt=0.308 uct="0.000" uht="0.187" urt="0.237"
404 29500 "http://dbadmins.ru/1" "Mozilla/5.0 (Windows NT 6.1; Win64; x64; rv:64.0) Gecko/20100101 Firefox/64.0"rt=0.303 uct="0.000" uht="0.180" urt="0.230"
404 169 "-" "Mozilla/5.0 (compatible; YandexBot/3.0; +http://yandex.com/bots)"rt=0.000 uct="-" uht="-" urt="-"
404 169 "-" "Mozilla/5.0 (compatible; YandexBot/3.0; +http://yandex.com/bots)"rt=0.000 uct="-" uht="-" urt="-"
404 169 "-" "Mozilla/5.0 (compatible; YandexMetrika/2.0; +http://yandex.com/bots yabs01)"rt=0.000 uct="-" uht="-" urt="-"
404 169 "-" "Mozilla/5.0 (compatible; YandexMetrika/2.0; +http://yandex.com/bots yabs01)"rt=0.000 uct="-" uht="-" urt="-"
404 169 "-" "Mozilla/5.0 (compatible; YandexMetrika/2.0; +http://yandex.com/bots yabs01)"rt=0.000 uct="-" uht="-" urt="-"
404 3652 "-" "curl/7.19.7 (x86_64-redhat-linux-gnu) libcurl/7.19.7 NSS/3.27.1 zlib/1.2.3 libidn/1.18 libssh2/1.4.2"rt=0.000 uct="-" uht="-" urt="-"
404 29500 "-" "Mozilla/5.0 (Windows NT 6.1; Win64; x64; rv:64.0) Gecko/20100101 Firefox/64.0"rt=0.540 uct="0.000" uht="0.183" urt="0.540"
404 29500 "http://dbadmins.ru/1" "Mozilla/5.0 (Windows NT 6.1; Win64; x64; rv:64.0) Gecko/20100101 Firefox/64.0"rt=0.262 uct="0.000" uht="0.212" urt="0.262"
404 3652 "-" "User-Agent:Mozilla/4.0 (compatible; MSIE 6.0; Windows NT 5.2; .NET CLR 1.0.3705"rt=0.000 uct="-" uht="-" urt="-"
404 169 "-" "Mozilla/5.0 (compatible; YandexMetrika/2.0; +http://yandex.com/bots yabs01)"rt=0.000 uct="-" uht="-" urt="-"
404 169 "-" "Mozilla/5.0 (compatible; YandexMetrika/2.0; +http://yandex.com/bots yabs01)"rt=0.000 uct="-" uht="-" urt="-"
404 169 "-" "Mozilla/5.0 (compatible; YandexMetrika/2.0; +http://yandex.com/bots yabs01)"rt=0.000 uct="-" uht="-" urt="-"
404 169 "-" "Mozilla/5.0 (compatible; YandexMetrika/2.0; +http://yandex.com/bots yabs01)"rt=0.000 uct="-" uht="-" urt="-"
404 169 "-" "Mozilla/5.0 (compatible; YandexMetrika/2.0; +http://yandex.com/bots yabs01)"rt=0.000 uct="-" uht="-" urt="-"
404 169 "-" "Mozilla/5.0 (compatible; YandexMetrika/2.0; +http://yandex.com/bots yabs01)"rt=0.000 uct="-" uht="-" urt="-"
404 169 "-" "Mozilla/5.0 (compatible; YandexMetrika/2.0; +http://yandex.com/bots yabs01)"rt=0.000 uct="-" uht="-" urt="-"
404 169 "-" "Mozilla/5.0 (compatible; YandexMetrika/2.0; +http://yandex.com/bots yabs01)"rt=0.000 uct="-" uht="-" urt="-"
404 0 "-" "-"rt=0.019 uct="-" uht="-" urt="-"
404 169 "-" "Mozilla/5.0 (compatible; YandexMetrika/2.0; +http://yandex.com/bots yabs01)"rt=0.000 uct="-" uht="-" urt="-"
404 169 "-" "Mozilla/5.0 (compatible; YandexMetrika/2.0; +http://yandex.com/bots yabs01)"rt=0.000 uct="-" uht="-" urt="-"
404 169 "-" "Mozilla/5.0 (compatible; YandexMetrika/2.0; +http://yandex.com/bots yabs01)"rt=0.000 uct="-" uht="-" urt="-"
404 169 "-" "Mozilla/5.0 (compatible; YandexMetrika/2.0; +http://yandex.com/bots yabs01)"rt=0.000 uct="-" uht="-" urt="-"
404 169 "-" "-"rt=0.000 uct="-" uht="-" urt="-"
404 169 "-" "Mozilla/5.0 (compatible; YandexMetrika/2.0; +http://yandex.com/bots yabs01)"rt=0.000 uct="-" uht="-" urt="-"
404 169 "-" "Mozilla/5.0 (compatible; YandexMetrika/2.0; +http://yandex.com/bots yabs01)"rt=0.000 uct="-" uht="-" urt="-"
404 169 "-" "Mozilla/5.0 (compatible; YandexMetrika/2.0; +http://yandex.com/bots yabs01)"rt=0.000 uct="-" uht="-" urt="-"
404 169 "-" "Mozilla/5.0 (compatible; YandexMetrika/2.0; +http://yandex.com/bots yabs01)"rt=0.000 uct="-" uht="-" urt="-"
404 169 "-" "Mozilla/5.0 (compatible; YandexMetrika/2.0; +http://yandex.com/bots yabs01)"rt=0.000 uct="-" uht="-" urt="-"
404 169 "-" "Mozilla/5.0 (compatible; YandexMetrika/2.0; +http://yandex.com/bots yabs01)"rt=0.000 uct="-" uht="-" urt="-"
404 169 "-" "Mozilla/5.0 (compatible; YandexMetrika/2.0; +http://yandex.com/bots yabs01)"rt=0.000 uct="-" uht="-" urt="-"
404 0 "-" "-"rt=0.017 uct="-" uht="-" urt="-"
404 169 "-" "Mozilla/5.0 (compatible; YandexMetrika/2.0; +http://yandex.com/bots yabs01)"rt=0.000 uct="-" uht="-" urt="-"
404 3652 "-" "Mozilla/5.0"rt=0.222 uct="-" uht="-" urt="-"
