      1 "-"
      1 "-"
      1 "-"
      1 "-"
      1 200
      1 200
      1 200
      1 200
      1 200
      1 200
      1 200
      1 200
      1 200
      1 200
      1 200
      1 200
      1 200
      1 200
      1 200
      1 200
      1 200
      1 200
      1 200
      1 200
      1 200
      1 200
      1 200
      1 200
      1 200
      1 200
      1 200
      1 200
      1 200
      1 200
      1 200
      1 200
      1 200
      1 301
      1 301
      1 301
      1 301
      1 301
      1 301
      1 301
      1 301
      1 301
      1 301
      1 301
      1 301
      1 301
      1 301
      1 301
      1 301
      1 301
      1 301
      1 301
      1 301
      1 301
      1 301
      1 301
      1 301
      1 301
      1 301
      1 301
      1 301
      1 301
      1 301
      1 301
      1 301
      1 301
      1 301
      1 301
      1 301
      1 301
      1 301
      1 301
      1 301
      1 301
      1 301
      1 301
      1 301
      1 301
      1 301
      1 301
      1 301
      1 301
      1 301
      1 301
      1 301
      1 301
      1 301
      1 301
      1 301
      1 301
      1 301
      1 301
      1 301
      1 301
      1 301
      1 301
      1 301
      1 301
      1 301
      1 301
      1 301
      1 301
      1 301
      1 301
      1 301
      1 301
      1 301
      1 301
      1 301
      1 304
      1 400
      1 400
      1 400
      1 400
      1 400
      1 403
      1 404
      1 404
      1 404
      1 404
      1 404
      1 404
      1 404
      1 404
      1 404
      1 404
      1 404
      1 404
      1 404
      1 404
      1 404
      1 404
      1 404
      1 404
      1 404
      1 404
      1 404
      1 404
      1 404
      1 404
      1 404
      1 404
      1 404
      1 404
      1 405
      1 499
      1 499
      1 500
      1 500
      1 500
      2 "-"
      2 200
      2 200
      2 200
      2 200
      2 200
      2 200
      2 200
      2 200
      2 200
      2 200
      2 200
      2 200
      2 200
      2 200
      2 200
      2 200
      2 200
      2 200
      2 200
      2 301
      2 301
      2 301
      2 301
      2 301
      2 400
      2 404
      2 404
      2 404
      2 404
      2 404
      2 404
      2 404
      2 404
      3 200
      3 200
      3 200
      3 200
      3 200
      3 200
      3 200
      3 200
      3 200
      3 200
      3 200
      3 301
      3 404
      4 200
      4 200
      4 200
      4 200
      4 200
      4 200
      4 200
      4 200
      4 200
      4 200
      4 200
      4 404
      5 "-"
      5 200
      5 200
      5 200
      5 200
      5 200
      5 200
      5 200
      5 200
      6 200
      6 200
      6 200
      6 200
      6 200
      6 200
      6 200
      6 200
      6 301
      7 200
      7 200
      8 200
      8 200
      8 200
      9 200
      9 200
      9 200
      9 200
     10 200
     10 200
     10 200
     10 200
     10 200
     10 200
     11 200
     12 200
     12 200
     15 200
     15 200
     17 200
     20 200
     26 200
